# JRE version: OpenJDK Runtime Environment (8.0_202-b03) (build 1.8.0_202-release-1483-b03)
# Java VM: OpenJDK 64-Bit Server VM (25.202-b03 mixed mode windows-amd64 compressed oops)
Heap:
 PSYoungGen      total 259584K, used 177565K [0x00000000e0000000, 0x00000000f2f00000, 0x0000000100000000)
  eden space 230400K, 75% used [0x00000000e0000000,0x00000000eaa3c378,0x00000000ee100000)
  from space 29184K, 11% used [0x00000000f0900000,0x00000000f0c2b478,0x00000000f2580000)
  to   space 39936K, 0% used [0x00000000ee100000,0x00000000ee100000,0x00000000f0800000)
 ParOldGen       total 127488K, used 99461K [0x00000000a0000000, 0x00000000a7c80000, 0x00000000e0000000)
  object space 127488K, 78% used [0x00000000a0000000,0x00000000a6121760,0x00000000a7c80000)
 Metaspace       used 88824K, capacity 93942K, committed 94080K, reserved 1130496K
  class space    used 11380K, capacity 12367K, committed 12416K, reserved 1048576K
GC Heap History (10 events):
Event: 3683.869 GC heap before
{Heap before GC invocations=23 (full 3):
 PSYoungGen      total 270336K, used 255291K [0x00000000e0000000, 0x00000000f2f00000, 0x0000000100000000)
  eden space 230400K, 100% used [0x00000000e0000000,0x00000000ee100000,0x00000000ee100000)
  from space 39936K, 62% used [0x00000000ee100000,0x00000000ef94ef80,0x00000000f0800000)
  to   space 29184K, 0% used [0x00000000f0900000,0x00000000f0900000,0x00000000f2580000)
 ParOldGen       total 127488K, used 81652K [0x00000000a0000000, 0x00000000a7c80000, 0x00000000e0000000)
  object space 127488K, 64% used [0x00000000a0000000,0x00000000a4fbd1f0,0x00000000a7c80000)
 Metaspace       used 82829K, capacity 87938K, committed 88192K, reserved 1126400K
  class space    used 10641K, capacity 11647K, committed 11648K, reserved 1048576K
Event: 3683.965 GC heap after
Heap after GC invocations=23 (full 3):
 PSYoungGen      total 259584K, used 24456K [0x00000000e0000000, 0x00000000f2f00000, 0x0000000100000000)
  eden space 230400K, 0% used [0x00000000e0000000,0x00000000e0000000,0x00000000ee100000)
  from space 29184K, 83% used [0x00000000f0900000,0x00000000f20e2380,0x00000000f2580000)
  to   space 39936K, 0% used [0x00000000ee100000,0x00000000ee100000,0x00000000f0800000)
 ParOldGen       total 127488K, used 81660K [0x00000000a0000000, 0x00000000a7c80000, 0x00000000e0000000)
  object space 127488K, 64% used [0x00000000a0000000,0x00000000a4fbf1f0,0x00000000a7c80000)
 Metaspace       used 82829K, capacity 87938K, committed 88192K, reserved 1126400K
  class space    used 10641K, capacity 11647K, committed 11648K, reserved 1048576K
}
Event: 3684.377 GC heap before
{Heap before GC invocations=24 (full 3):
 PSYoungGen      total 259584K, used 254856K [0x00000000e0000000, 0x00000000f2f00000, 0x0000000100000000)
  eden space 230400K, 100% used [0x00000000e0000000,0x00000000ee100000,0x00000000ee100000)
  from space 29184K, 83% used [0x00000000f0900000,0x00000000f20e2380,0x00000000f2580000)
  to   space 39936K, 0% used [0x00000000ee100000,0x00000000ee100000,0x00000000f0800000)
 ParOldGen       total 127488K, used 81660K [0x00000000a0000000, 0x00000000a7c80000, 0x00000000e0000000)
  object space 127488K, 64% used [0x00000000a0000000,0x00000000a4fbf1f0,0x00000000a7c80000)
 Metaspace       used 82914K, capacity 88036K, committed 88320K, reserved 1126400K
  class space    used 10651K, capacity 11654K, committed 11776K, reserved 1048576K
Event: 3684.405 GC heap after
Heap after GC invocations=24 (full 3):
 PSYoungGen      total 270336K, used 7736K [0x00000000e0000000, 0x00000000f2f00000, 0x0000000100000000)
  eden space 230400K, 0% used [0x00000000e0000000,0x00000000e0000000,0x00000000ee100000)
  from space 39936K, 19% used [0x00000000ee100000,0x00000000ee88e270,0x00000000f0800000)
  to   space 29184K, 0% used [0x00000000f0900000,0x00000000f0900000,0x00000000f2580000)
 ParOldGen       total 127488K, used 91458K [0x00000000a0000000, 0x00000000a7c80000, 0x00000000e0000000)
  object space 127488K, 71% used [0x00000000a0000000,0x00000000a5950b48,0x00000000a7c80000)
 Metaspace       used 82914K, capacity 88036K, committed 88320K, reserved 1126400K
  class space    used 10651K, capacity 11654K, committed 11776K, reserved 1048576K
}
Event: 3690.922 GC heap before
{Heap before GC invocations=25 (full 3):
 PSYoungGen      total 270336K, used 238136K [0x00000000e0000000, 0x00000000f2f00000, 0x0000000100000000)
  eden space 230400K, 100% used [0x00000000e0000000,0x00000000ee100000,0x00000000ee100000)
  from space 39936K, 19% used [0x00000000ee100000,0x00000000ee88e270,0x00000000f0800000)
  to   space 29184K, 0% used [0x00000000f0900000,0x00000000f0900000,0x00000000f2580000)
 ParOldGen       total 127488K, used 91458K [0x00000000a0000000, 0x00000000a7c80000, 0x00000000e0000000)
  object space 127488K, 71% used [0x00000000a0000000,0x00000000a5950b48,0x00000000a7c80000)
 Metaspace       used 87971K, capacity 93118K, committed 93568K, reserved 1130496K
  class space    used 11309K, capacity 12291K, committed 12416K, reserved 1048576K
Event: 3690.937 GC heap after
Heap after GC invocations=25 (full 3):
 PSYoungGen      total 259584K, used 9902K [0x00000000e0000000, 0x00000000f2f00000, 0x0000000100000000)
  eden space 230400K, 0% used [0x00000000e0000000,0x00000000e0000000,0x00000000ee100000)
  from space 29184K, 33% used [0x00000000f0900000,0x00000000f12abbd0,0x00000000f2580000)
  to   space 39936K, 0% used [0x00000000ee100000,0x00000000ee100000,0x00000000f0800000)
 ParOldGen       total 127488K, used 94846K [0x00000000a0000000, 0x00000000a7c80000, 0x00000000e0000000)
  object space 127488K, 74% used [0x00000000a0000000,0x00000000a5c9f9f0,0x00000000a7c80000)
 Metaspace       used 87971K, capacity 93118K, committed 93568K, reserved 1130496K
  class space    used 11309K, capacity 12291K, committed 12416K, reserved 1048576K
}
Event: 3692.320 GC heap before
{Heap before GC invocations=26 (full 3):
 PSYoungGen      total 259584K, used 240302K [0x00000000e0000000, 0x00000000f2f00000, 0x0000000100000000)
  eden space 230400K, 100% used [0x00000000e0000000,0x00000000ee100000,0x00000000ee100000)
  from space 29184K, 33% used [0x00000000f0900000,0x00000000f12abbd0,0x00000000f2580000)
  to   space 39936K, 0% used [0x00000000ee100000,0x00000000ee100000,0x00000000f0800000)
 ParOldGen       total 127488K, used 94846K [0x00000000a0000000, 0x00000000a7c80000, 0x00000000e0000000)
  object space 127488K, 74% used [0x00000000a0000000,0x00000000a5c9f9f0,0x00000000a7c80000)
 Metaspace       used 88400K, capacity 93542K, committed 93824K, reserved 1130496K
  class space    used 11352K, capacity 12325K, committed 12416K, reserved 1048576K
Event: 3692.339 GC heap after
Heap after GC invocations=26 (full 3):
 PSYoungGen      total 270336K, used 7416K [0x00000000e0000000, 0x00000000f2f00000, 0x0000000100000000)
  eden space 230400K, 0% used [0x00000000e0000000,0x00000000e0000000,0x00000000ee100000)
  from space 39936K, 18% used [0x00000000ee100000,0x00000000ee83e1e8,0x00000000f0800000)
  to   space 29184K, 0% used [0x00000000f0900000,0x00000000f0900000,0x00000000f2580000)
 ParOldGen       total 127488K, used 99045K [0x00000000a0000000, 0x00000000a7c80000, 0x00000000e0000000)
  object space 127488K, 77% used [0x00000000a0000000,0x00000000a60b9710,0x00000000a7c80000)
 Metaspace       used 88400K, capacity 93542K, committed 93824K, reserved 1130496K
  class space    used 11352K, capacity 12325K, committed 12416K, reserved 1048576K
}
Event: 3692.922 GC heap before
{Heap before GC invocations=27 (full 3):
 PSYoungGen      total 270336K, used 237816K [0x00000000e0000000, 0x00000000f2f00000, 0x0000000100000000)
  eden space 230400K, 100% used [0x00000000e0000000,0x00000000ee100000,0x00000000ee100000)
  from space 39936K, 18% used [0x00000000ee100000,0x00000000ee83e1e8,0x00000000f0800000)
  to   space 29184K, 0% used [0x00000000f0900000,0x00000000f0900000,0x00000000f2580000)
 ParOldGen       total 127488K, used 99045K [0x00000000a0000000, 0x00000000a7c80000, 0x00000000e0000000)
  object space 127488K, 77% used [0x00000000a0000000,0x00000000a60b9710,0x00000000a7c80000)
 Metaspace       used 88457K, capacity 93542K, committed 93824K, reserved 1130496K
  class space    used 11354K, capacity 12325K, committed 12416K, reserved 1048576K
Event: 3692.927 GC heap after
Heap after GC invocations=27 (full 3):
 PSYoungGen      total 259584K, used 3245K [0x00000000e0000000, 0x00000000f2f00000, 0x0000000100000000)
  eden space 230400K, 0% used [0x00000000e0000000,0x00000000e0000000,0x00000000ee100000)
  from space 29184K, 11% used [0x00000000f0900000,0x00000000f0c2b478,0x00000000f2580000)
  to   space 39936K, 0% used [0x00000000ee100000,0x00000000ee100000,0x00000000f0800000)
 ParOldGen       total 127488K, used 99461K [0x00000000a0000000, 0x00000000a7c80000, 0x00000000e0000000)
  object space 127488K, 78% used [0x00000000a0000000,0x00000000a6121760,0x00000000a7c80000)
 Metaspace       used 88457K, capacity 93542K, committed 93824K, reserved 1130496K
  class space    used 11354K, capacity 12325K, committed 12416K, reserved 1048576K
}

